{"uuid":"c29ec6e3-11ab-4e00-b483-7a993ca8b988","historyId":"ee7eb34439ccdd70c0e32df1d7bcd1fb","fullName":"Tests.BookingTests.languageChangeTest","labels":[{"name":"package","value":"Tests.BookingTests"},{"name":"testClass","value":"Tests.BookingTests"},{"name":"testMethod","value":"languageChangeTest"},{"name":"parentSuite","value":"Default Suite"},{"name":"suite","value":"Bootcamp8_Team1"},{"name":"subSuite","value":"Tests.BookingTests"},{"name":"host","value":"SKHILA"},{"name":"thread","value":"21152@SKHILA.main(1)"},{"name":"framework","value":"testng"},{"name":"language","value":"java"},{"name":"feature","value":"Language Change Functionality"},{"name":"story","value":"Verify The Functionality Of Changing The Language"},{"name":"epic","value":"Booking.com Functionality Test"}],"links":[],"name":"Language Change Test","status":"failed","statusDetails":{"known":false,"muted":false,"flaky":false,"message":"Invalid element state [By.xpath: //button[@data-testid=\"header-language-picker-trigger\"]]: element click intercepted: Element <button aria-expanded=\"false\" data-testid=\"header-language-picker-trigger\" aria-label=\"Language: English (US)\" type=\"button\" class=\"a83ed08757 c21c56c305 f38b6daa18 f671049264 deab83296e fd3248769f\">...</button> is not clickable at point (1088, 36). Other element would receive the click: <div class=\"eb33ef7c47\">...</div>\r\nScreenshot: file:/C:/Users/bacha/IdeaProjects/Bootcamp8_Team1/src/main/resources/Reports/FailedTests/1702977397223.0.png\r\nTimeout: 1 s.\r\nCaused by: ElementClickInterceptedException: element click intercepted: Element <button aria-expanded=\"false\" data-testid=\"header-language-picker-trigger\" aria-label=\"Language: English (US)\" type=\"button\" class=\"a83ed08757 c21c56c305 f38b6daa18 f671049264 deab83296e fd3248769f\">...</button> is not clickable at point (1088, 36). Other element would receive the click: <div class=\"eb33ef7c47\">...</div>","trace":"Invalid element state [By.xpath: //button[@data-testid=\"header-language-picker-trigger\"]]: element click intercepted: Element <button aria-expanded=\"false\" data-testid=\"header-language-picker-trigger\" aria-label=\"Language: English (US)\" type=\"button\" class=\"a83ed08757 c21c56c305 f38b6daa18 f671049264 deab83296e fd3248769f\">...</button> is not clickable at point (1088, 36). Other element would receive the click: <div class=\"eb33ef7c47\">...</div>\r\nScreenshot: file:/C:/Users/bacha/IdeaProjects/Bootcamp8_Team1/src/main/resources/Reports/FailedTests/1702977397223.0.png\r\nTimeout: 1 s.\r\nCaused by: ElementClickInterceptedException: element click intercepted: Element <button aria-expanded=\"false\" data-testid=\"header-language-picker-trigger\" aria-label=\"Language: English (US)\" type=\"button\" class=\"a83ed08757 c21c56c305 f38b6daa18 f671049264 deab83296e fd3248769f\">...</button> is not clickable at point (1088, 36). Other element would receive the click: <div class=\"eb33ef7c47\">...</div>\r\n\tat com.codeborne.selenide.impl.ExceptionWrapper.wrap(ExceptionWrapper.java:26)\r\n\tat com.codeborne.selenide.impl.SelenideElementProxy.dispatchAndRetry(SelenideElementProxy.java:154)\r\n\tat com.codeborne.selenide.impl.SelenideElementProxy.invoke(SelenideElementProxy.java:84)\r\n\tat jdk.proxy2/jdk.proxy2.$Proxy15.click(Unknown Source)\r\n\tat POM.Steps.MainPageSteps.clickOnLanguageButton(MainPageSteps.java:64)\r\n\tat Tests.BookingTests.languageChangeTest(BookingTests.java:191)\r\n\tat java.base/jdk.internal.reflect.DirectMethodHandleAccessor.invoke(DirectMethodHandleAccessor.java:103)\r\n\tat java.base/java.lang.reflect.Method.invoke(Method.java:580)\r\n\tat org.testng.internal.MethodInvocationHelper.invokeMethod(MethodInvocationHelper.java:133)\r\n\tat org.testng.internal.TestInvoker.invokeMethod(TestInvoker.java:598)\r\n\tat org.testng.internal.TestInvoker.invokeTestMethod(TestInvoker.java:173)\r\n\tat org.testng.internal.MethodRunner.runInSequence(MethodRunner.java:46)\r\n\tat org.testng.internal.TestInvoker$MethodInvocationAgent.invoke(TestInvoker.java:824)\r\n\tat org.testng.internal.TestInvoker.invokeTestMethods(TestInvoker.java:146)\r\n\tat org.testng.internal.TestMethodWorker.invokeTestMethods(TestMethodWorker.java:146)\r\n\tat org.testng.internal.TestMethodWorker.run(TestMethodWorker.java:128)\r\n\tat java.base/java.util.ArrayList.forEach(ArrayList.java:1596)\r\n\tat org.testng.TestRunner.privateRun(TestRunner.java:794)\r\n\tat org.testng.TestRunner.run(TestRunner.java:596)\r\n\tat org.testng.SuiteRunner.runTest(SuiteRunner.java:377)\r\n\tat org.testng.SuiteRunner.runSequentially(SuiteRunner.java:371)\r\n\tat org.testng.SuiteRunner.privateRun(SuiteRunner.java:332)\r\n\tat org.testng.SuiteRunner.run(SuiteRunner.java:276)\r\n\tat org.testng.SuiteRunnerWorker.runSuite(SuiteRunnerWorker.java:53)\r\n\tat org.testng.SuiteRunnerWorker.run(SuiteRunnerWorker.java:96)\r\n\tat org.testng.TestNG.runSuitesSequentially(TestNG.java:1212)\r\n\tat org.testng.TestNG.runSuitesLocally(TestNG.java:1134)\r\n\tat org.testng.TestNG.runSuites(TestNG.java:1063)\r\n\tat org.testng.TestNG.run(TestNG.java:1031)\r\n\tat com.intellij.rt.testng.IDEARemoteTestNG.run(IDEARemoteTestNG.java:66)\r\n\tat com.intellij.rt.testng.RemoteTestNGStarter.main(RemoteTestNGStarter.java:105)\r\nCaused by: org.openqa.selenium.ElementClickInterceptedException: element click intercepted: Element <button aria-expanded=\"false\" data-testid=\"header-language-picker-trigger\" aria-label=\"Language: English (US)\" type=\"button\" class=\"a83ed08757 c21c56c305 f38b6daa18 f671049264 deab83296e fd3248769f\">...</button> is not clickable at point (1088, 36). Other element would receive the click: <div class=\"eb33ef7c47\">...</div>\n  (Session info: chrome=120.0.6099.109)\nBuild info: version: '4.12.1', revision: '8e34639b11'\nSystem info: os.name: 'Windows 11', os.arch: 'amd64', os.version: '10.0', java.version: '21'\nDriver info: org.openqa.selenium.chrome.ChromeDriver\nCommand: [7d3414502cba64761668a14308d68bdc, clickElement {id=026A1F6E127FA76B2651F2D60E8038B9_element_133}]\nCapabilities {acceptInsecureCerts: true, browserName: chrome, browserVersion: 120.0.6099.109, chrome: {chromedriverVersion: 120.0.6099.109 (3419140ab66..., userDataDir: C:\\Users\\bacha\\AppData\\Loca...}, fedcm:accounts: true, goog:chromeOptions: {debuggerAddress: localhost:52054}, networkConnectionEnabled: false, pageLoadStrategy: normal, platformName: windows, proxy: Proxy(), se:cdp: ws://localhost:52054/devtoo..., se:cdpVersion: 120.0.6099.109, setWindowRect: true, strictFileInteractability: false, timeouts: {implicit: 0, pageLoad: 300000, script: 30000}, unhandledPromptBehavior: accept, webauthn:extension:credBlob: true, webauthn:extension:largeBlob: true, webauthn:extension:minPinLength: true, webauthn:extension:prf: true, webauthn:virtualAuthenticators: true}\nElement: [[ChromeDriver: chrome on windows (7d3414502cba64761668a14308d68bdc)] -> xpath: //button[@data-testid=\"header-language-picker-trigger\"]]\nSession ID: 7d3414502cba64761668a14308d68bdc\r\n\tat java.base/jdk.internal.reflect.DirectConstructorHandleAccessor.newInstance(DirectConstructorHandleAccessor.java:62)\r\n\tat java.base/java.lang.reflect.Constructor.newInstanceWithCaller(Constructor.java:502)\r\n\tat java.base/java.lang.reflect.Constructor.newInstance(Constructor.java:486)\r\n\tat org.openqa.selenium.remote.codec.w3c.W3CHttpResponseCodec.createException(W3CHttpResponseCodec.java:200)\r\n\tat org.openqa.selenium.remote.codec.w3c.W3CHttpResponseCodec.decode(W3CHttpResponseCodec.java:133)\r\n\tat org.openqa.selenium.remote.codec.w3c.W3CHttpResponseCodec.decode(W3CHttpResponseCodec.java:52)\r\n\tat org.openqa.selenium.remote.HttpCommandExecutor.execute(HttpCommandExecutor.java:191)\r\n\tat org.openqa.selenium.remote.service.DriverCommandExecutor.invokeExecute(DriverCommandExecutor.java:196)\r\n\tat org.openqa.selenium.remote.service.DriverCommandExecutor.execute(DriverCommandExecutor.java:171)\r\n\tat org.openqa.selenium.remote.RemoteWebDriver.execute(RemoteWebDriver.java:602)\r\n\tat org.openqa.selenium.remote.RemoteWebElement.execute(RemoteWebElement.java:224)\r\n\tat org.openqa.selenium.remote.RemoteWebElement.click(RemoteWebElement.java:77)\r\n\tat com.codeborne.selenide.commands.Click.defaultClick(Click.java:97)\r\n\tat com.codeborne.selenide.commands.Click.click(Click.java:54)\r\n\tat com.codeborne.selenide.commands.Click.execute(Click.java:31)\r\n\tat com.codeborne.selenide.commands.Click.execute(Click.java:21)\r\n\tat com.codeborne.selenide.commands.Commands.execute(Commands.java:164)\r\n\tat com.codeborne.selenide.impl.SelenideElementProxy.dispatchAndRetry(SelenideElementProxy.java:132)\r\n\t... 29 more\r\n"},"stage":"finished","description":"This Test Close PopUp Window, Then Clicks on Language Button And  Clicks German Language ButtonAfter It Test Makes Flag Validation and Asserts That German Flag Is Shown Correctly, Then Test Using Rest Assured And With The Help Of It Finds Outs What Language Is The Given Text fromAnd Finally It Validates That The Language Has Been Changed Correctly ","steps":[{"name":"Open Website","status":"passed","stage":"finished","steps":[],"attachments":[],"parameters":[{"name":"URL","value":"https://www.booking.com/"}],"start":1702977390367,"stop":1702977395694},{"name":"Close Sign In Suggestion Popup","status":"passed","stage":"finished","steps":[],"attachments":[],"parameters":[],"start":1702977395695,"stop":1702977395737},{"name":"Clicking On Language Change Button","status":"failed","statusDetails":{"known":false,"muted":false,"flaky":false,"message":"Invalid element state [By.xpath: //button[@data-testid=\"header-language-picker-trigger\"]]: element click intercepted: Element <button aria-expanded=\"false\" data-testid=\"header-language-picker-trigger\" aria-label=\"Language: English (US)\" type=\"button\" class=\"a83ed08757 c21c56c305 f38b6daa18 f671049264 deab83296e fd3248769f\">...</button> is not clickable at point (1088, 36). Other element would receive the click: <div class=\"eb33ef7c47\">...</div>\r\nScreenshot: file:/C:/Users/bacha/IdeaProjects/Bootcamp8_Team1/src/main/resources/Reports/FailedTests/1702977397223.0.png\r\nTimeout: 1 s.\r\nCaused by: ElementClickInterceptedException: element click intercepted: Element <button aria-expanded=\"false\" data-testid=\"header-language-picker-trigger\" aria-label=\"Language: English (US)\" type=\"button\" class=\"a83ed08757 c21c56c305 f38b6daa18 f671049264 deab83296e fd3248769f\">...</button> is not clickable at point (1088, 36). Other element would receive the click: <div class=\"eb33ef7c47\">...</div>","trace":"Invalid element state [By.xpath: //button[@data-testid=\"header-language-picker-trigger\"]]: element click intercepted: Element <button aria-expanded=\"false\" data-testid=\"header-language-picker-trigger\" aria-label=\"Language: English (US)\" type=\"button\" class=\"a83ed08757 c21c56c305 f38b6daa18 f671049264 deab83296e fd3248769f\">...</button> is not clickable at point (1088, 36). Other element would receive the click: <div class=\"eb33ef7c47\">...</div>\r\nScreenshot: file:/C:/Users/bacha/IdeaProjects/Bootcamp8_Team1/src/main/resources/Reports/FailedTests/1702977397223.0.png\r\nTimeout: 1 s.\r\nCaused by: ElementClickInterceptedException: element click intercepted: Element <button aria-expanded=\"false\" data-testid=\"header-language-picker-trigger\" aria-label=\"Language: English (US)\" type=\"button\" class=\"a83ed08757 c21c56c305 f38b6daa18 f671049264 deab83296e fd3248769f\">...</button> is not clickable at point (1088, 36). Other element would receive the click: <div class=\"eb33ef7c47\">...</div>\r\n\tat com.codeborne.selenide.impl.ExceptionWrapper.wrap(ExceptionWrapper.java:26)\r\n\tat com.codeborne.selenide.impl.SelenideElementProxy.dispatchAndRetry(SelenideElementProxy.java:154)\r\n\tat com.codeborne.selenide.impl.SelenideElementProxy.invoke(SelenideElementProxy.java:84)\r\n\tat jdk.proxy2/jdk.proxy2.$Proxy15.click(Unknown Source)\r\n\tat POM.Steps.MainPageSteps.clickOnLanguageButton(MainPageSteps.java:64)\r\n\tat Tests.BookingTests.languageChangeTest(BookingTests.java:191)\r\n\tat java.base/jdk.internal.reflect.DirectMethodHandleAccessor.invoke(DirectMethodHandleAccessor.java:103)\r\n\tat java.base/java.lang.reflect.Method.invoke(Method.java:580)\r\n\tat org.testng.internal.MethodInvocationHelper.invokeMethod(MethodInvocationHelper.java:133)\r\n\tat org.testng.internal.TestInvoker.invokeMethod(TestInvoker.java:598)\r\n\tat org.testng.internal.TestInvoker.invokeTestMethod(TestInvoker.java:173)\r\n\tat org.testng.internal.MethodRunner.runInSequence(MethodRunner.java:46)\r\n\tat org.testng.internal.TestInvoker$MethodInvocationAgent.invoke(TestInvoker.java:824)\r\n\tat org.testng.internal.TestInvoker.invokeTestMethods(TestInvoker.java:146)\r\n\tat org.testng.internal.TestMethodWorker.invokeTestMethods(TestMethodWorker.java:146)\r\n\tat org.testng.internal.TestMethodWorker.run(TestMethodWorker.java:128)\r\n\tat java.base/java.util.ArrayList.forEach(ArrayList.java:1596)\r\n\tat org.testng.TestRunner.privateRun(TestRunner.java:794)\r\n\tat org.testng.TestRunner.run(TestRunner.java:596)\r\n\tat org.testng.SuiteRunner.runTest(SuiteRunner.java:377)\r\n\tat org.testng.SuiteRunner.runSequentially(SuiteRunner.java:371)\r\n\tat org.testng.SuiteRunner.privateRun(SuiteRunner.java:332)\r\n\tat org.testng.SuiteRunner.run(SuiteRunner.java:276)\r\n\tat org.testng.SuiteRunnerWorker.runSuite(SuiteRunnerWorker.java:53)\r\n\tat org.testng.SuiteRunnerWorker.run(SuiteRunnerWorker.java:96)\r\n\tat org.testng.TestNG.runSuitesSequentially(TestNG.java:1212)\r\n\tat org.testng.TestNG.runSuitesLocally(TestNG.java:1134)\r\n\tat org.testng.TestNG.runSuites(TestNG.java:1063)\r\n\tat org.testng.TestNG.run(TestNG.java:1031)\r\n\tat com.intellij.rt.testng.IDEARemoteTestNG.run(IDEARemoteTestNG.java:66)\r\n\tat com.intellij.rt.testng.RemoteTestNGStarter.main(RemoteTestNGStarter.java:105)\r\nCaused by: org.openqa.selenium.ElementClickInterceptedException: element click intercepted: Element <button aria-expanded=\"false\" data-testid=\"header-language-picker-trigger\" aria-label=\"Language: English (US)\" type=\"button\" class=\"a83ed08757 c21c56c305 f38b6daa18 f671049264 deab83296e fd3248769f\">...</button> is not clickable at point (1088, 36). Other element would receive the click: <div class=\"eb33ef7c47\">...</div>\n  (Session info: chrome=120.0.6099.109)\nBuild info: version: '4.12.1', revision: '8e34639b11'\nSystem info: os.name: 'Windows 11', os.arch: 'amd64', os.version: '10.0', java.version: '21'\nDriver info: org.openqa.selenium.chrome.ChromeDriver\nCommand: [7d3414502cba64761668a14308d68bdc, clickElement {id=026A1F6E127FA76B2651F2D60E8038B9_element_133}]\nCapabilities {acceptInsecureCerts: true, browserName: chrome, browserVersion: 120.0.6099.109, chrome: {chromedriverVersion: 120.0.6099.109 (3419140ab66..., userDataDir: C:\\Users\\bacha\\AppData\\Loca...}, fedcm:accounts: true, goog:chromeOptions: {debuggerAddress: localhost:52054}, networkConnectionEnabled: false, pageLoadStrategy: normal, platformName: windows, proxy: Proxy(), se:cdp: ws://localhost:52054/devtoo..., se:cdpVersion: 120.0.6099.109, setWindowRect: true, strictFileInteractability: false, timeouts: {implicit: 0, pageLoad: 300000, script: 30000}, unhandledPromptBehavior: accept, webauthn:extension:credBlob: true, webauthn:extension:largeBlob: true, webauthn:extension:minPinLength: true, webauthn:extension:prf: true, webauthn:virtualAuthenticators: true}\nElement: [[ChromeDriver: chrome on windows (7d3414502cba64761668a14308d68bdc)] -> xpath: //button[@data-testid=\"header-language-picker-trigger\"]]\nSession ID: 7d3414502cba64761668a14308d68bdc\r\n\tat java.base/jdk.internal.reflect.DirectConstructorHandleAccessor.newInstance(DirectConstructorHandleAccessor.java:62)\r\n\tat java.base/java.lang.reflect.Constructor.newInstanceWithCaller(Constructor.java:502)\r\n\tat java.base/java.lang.reflect.Constructor.newInstance(Constructor.java:486)\r\n\tat org.openqa.selenium.remote.codec.w3c.W3CHttpResponseCodec.createException(W3CHttpResponseCodec.java:200)\r\n\tat org.openqa.selenium.remote.codec.w3c.W3CHttpResponseCodec.decode(W3CHttpResponseCodec.java:133)\r\n\tat org.openqa.selenium.remote.codec.w3c.W3CHttpResponseCodec.decode(W3CHttpResponseCodec.java:52)\r\n\tat org.openqa.selenium.remote.HttpCommandExecutor.execute(HttpCommandExecutor.java:191)\r\n\tat org.openqa.selenium.remote.service.DriverCommandExecutor.invokeExecute(DriverCommandExecutor.java:196)\r\n\tat org.openqa.selenium.remote.service.DriverCommandExecutor.execute(DriverCommandExecutor.java:171)\r\n\tat org.openqa.selenium.remote.RemoteWebDriver.execute(RemoteWebDriver.java:602)\r\n\tat org.openqa.selenium.remote.RemoteWebElement.execute(RemoteWebElement.java:224)\r\n\tat org.openqa.selenium.remote.RemoteWebElement.click(RemoteWebElement.java:77)\r\n\tat com.codeborne.selenide.commands.Click.defaultClick(Click.java:97)\r\n\tat com.codeborne.selenide.commands.Click.click(Click.java:54)\r\n\tat com.codeborne.selenide.commands.Click.execute(Click.java:31)\r\n\tat com.codeborne.selenide.commands.Click.execute(Click.java:21)\r\n\tat com.codeborne.selenide.commands.Commands.execute(Commands.java:164)\r\n\tat com.codeborne.selenide.impl.SelenideElementProxy.dispatchAndRetry(SelenideElementProxy.java:132)\r\n\t... 29 more\r\n"},"stage":"finished","steps":[],"attachments":[],"parameters":[],"start":1702977395737,"stop":1702977397542}],"attachments":[{"name":"Screenshot","source":"ae1cf84f-8d1c-4897-9478-5f1036f8a414-attachment","type":"image/png"},{"name":"Stacktrace","source":"d0b37a73-3f44-4a5e-838c-85a8159353ca-attachment","type":"text/plain"}],"parameters":[],"start":1702977390341,"stop":1702977397838}